<?xml version="1.0" encoding="UTF-8"?>
<!-- Generated by org.testng.reporters.JUnitXMLReporter -->
<testsuite hostname="DESKTOP-MV6L4GQ" ignored="0" name="Regression" tests="23" failures="0" timestamp="2022-11-16T05:52:49 IST" time="126.916" errors="0">
  <testcase name="loginTest" time="9.438" classname="com.automation.tests.Test01_LoginSuccess"/>
  <testcase name="loginWithWrongPasswordTest" time="3.674" classname="com.automation.tests.Test02_LoginFailure"/>
  <testcase name="checkbox1And2CheckedTest" time="2.972" classname="com.automation.tests.Test03_Checkboxes"/>
  <testcase name="checkbox1And2UncheckedTest" time="2.988" classname="com.automation.tests.Test03_Checkboxes"/>
  <testcase name="checkbox1CheckedTest" time="3.28" classname="com.automation.tests.Test03_Checkboxes"/>
  <testcase name="checkbox2CheckedTest" time="2.846" classname="com.automation.tests.Test03_Checkboxes"/>
  <testcase name="contextMenuTest" time="3.0" classname="com.automation.tests.Test04_ContextMenu"/>
  <testcase name="dragAndDropTest" time="14.307" classname="com.automation.tests.Test05_DragAndDrop"/>
  <testcase name="dropdown1Test" time="3.271" classname="com.automation.tests.Test06_Dropdown"/>
  <testcase name="dropdown2Test" time="3.306" classname="com.automation.tests.Test06_Dropdown"/>
  <testcase name="dynamicContentTest" time="3.877" classname="com.automation.tests.Test07_DynamicContent"/>
  <testcase name="dynamicControlsCheckboxTest" time="10.316" classname="com.automation.tests.Test08_DynamicControls"/>
  <testcase name="dynamicControlsTextboxTest" time="10.233" classname="com.automation.tests.Test08_DynamicControls"/>
  <testcase name="dynamicLoadingTest" time="8.96" classname="com.automation.tests.Test09_DynamicLoading"/>
  <testcase name="fileDownloadTest" time="5.454" classname="com.automation.tests.Test10_FileDownload"/>
  <testcase name="fileUploadButtonTest" time="7.796" classname="com.automation.tests.Test11_FileUpload"/>
  <testcase name="floatingMenuTest" time="8.149" classname="com.automation.tests.Test12_FloatingMenu"/>
  <testcase name="iframeTest" time="5.956" classname="com.automation.tests.Test13_Iframe"/>
  <testcase name="mouseHoverTest" time="3.621" classname="com.automation.tests.Test14_MouseHover"/>
  <testcase name="javaScriptAlertsTest" time="3.316" classname="com.automation.tests.Test15_JavaScriptAlerts"/>
  <testcase name="javaScriptErrorTest" time="2.677" classname="com.automation.tests.Test16_JavaScriptError"/>
  <testcase name="openInNewTabTest" time="3.271" classname="com.automation.tests.Test17_OpenInNewTab"/>
  <testcase name="notificationMessageTest" time="4.1" classname="com.automation.tests.Test18_NotificationMessage"/>
</testsuite> <!-- Regression -->
