<?xml version="1.0" encoding="UTF-8"?>
<!-- Generated by org.testng.reporters.JUnitXMLReporter -->
<testsuite hostname="DESKTOP-MV6L4GQ" ignored="0" name="TestAutomation" tests="23" failures="0" timestamp="2022-11-16T07:23:03 IST" time="164.002" errors="0">
  <testcase name="loginTest" time="6.118" classname="com.automation.tests.Test01_LoginSuccess"/>
  <testcase name="loginWithWrongPasswordTest" time="3.593" classname="com.automation.tests.Test02_LoginFailure"/>
  <testcase name="checkbox1And2CheckedTest" time="3.066" classname="com.automation.tests.Test03_Checkboxes"/>
  <testcase name="checkbox1And2UncheckedTest" time="3.14" classname="com.automation.tests.Test03_Checkboxes"/>
  <testcase name="checkbox1CheckedTest" time="3.005" classname="com.automation.tests.Test03_Checkboxes"/>
  <testcase name="checkbox2CheckedTest" time="3.155" classname="com.automation.tests.Test03_Checkboxes"/>
  <testcase name="contextMenuTest" time="3.132" classname="com.automation.tests.Test04_ContextMenu"/>
  <testcase name="dragAndDropTest" time="13.254" classname="com.automation.tests.Test05_DragAndDrop"/>
  <testcase name="dropdown1Test" time="3.225" classname="com.automation.tests.Test06_Dropdown"/>
  <testcase name="dropdown2Test" time="3.057" classname="com.automation.tests.Test06_Dropdown"/>
  <testcase name="dynamicContentTest" time="3.31" classname="com.automation.tests.Test07_DynamicContent"/>
  <testcase name="dynamicControlsCheckboxTest" time="20.029" classname="com.automation.tests.Test08_DynamicControls"/>
  <testcase name="dynamicControlsTextboxTest" time="10.444" classname="com.automation.tests.Test08_DynamicControls"/>
  <testcase name="dynamicLoadingTest" time="19.403" classname="com.automation.tests.Test09_DynamicLoading"/>
  <testcase name="fileDownloadTest" time="9.961" classname="com.automation.tests.Test10_FileDownload"/>
  <testcase name="fileUploadButtonTest" time="14.686" classname="com.automation.tests.Test11_FileUpload"/>
  <testcase name="floatingMenuTest" time="20.103" classname="com.automation.tests.Test12_FloatingMenu"/>
  <testcase name="iframeTest" time="4.155" classname="com.automation.tests.Test13_Iframe"/>
  <testcase name="mouseHoverTest" time="3.71" classname="com.automation.tests.Test14_MouseHover"/>
  <testcase name="javaScriptAlertsTest" time="3.285" classname="com.automation.tests.Test15_JavaScriptAlerts"/>
  <testcase name="javaScriptErrorTest" time="2.723" classname="com.automation.tests.Test16_JavaScriptError"/>
  <testcase name="openInNewTabTest" time="3.094" classname="com.automation.tests.Test17_OpenInNewTab"/>
  <testcase name="notificationMessageTest" time="4.249" classname="com.automation.tests.Test18_NotificationMessage"/>
</testsuite> <!-- TestAutomation -->
